TN:
SF:/home/paracelsus/projects/react_projects/san-mateo/nettube/src/Search.js
FN:5,getInitialState
FN:5,updateSearchText
FN:5,render
FN:30,onChange
FN:37,(anonymous_6)
FN:38,(anonymous_7)
FN:41,(anonymous_8)
FN:45,(anonymous_9)
FNF:8
FNH:8
FNDA:3,getInitialState
FNDA:1,updateSearchText
FNDA:4,render
FNDA:1,onChange
FNDA:84,(anonymous_6)
FNDA:84,(anonymous_7)
FNDA:228,(anonymous_8)
FNDA:64,(anonymous_9)
DA:1,1
DA:2,1
DA:3,1
DA:5,1
DA:7,3
DA:13,1
DA:18,4
DA:19,4
DA:31,1
DA:38,84
DA:39,64
DA:42,228
DA:43,153
DA:44,0
DA:45,64
DA:55,1
LF:16
LH:15
BRDA:34,1,0,3
BRDA:34,1,1,1
BRDA:38,2,0,64
BRDA:38,2,1,20
BRDA:42,3,0,75
BRDA:42,3,1,153
BRDA:43,4,0,153
BRDA:43,4,1,0
BRF:8
BRH:7
end_of_record
TN:
SF:/home/paracelsus/projects/react_projects/san-mateo/nettube/src/ShowCard.js
FN:3,ShowCard
FNF:1
FNH:1
FNDA:22,ShowCard
DA:1,1
DA:3,22
DA:14,1
LF:3
LH:3
BRF:0
BRH:0
end_of_record
