TN:
SF:/home/paracelsus/projects/react_projects/san-mateo/nettube/src/Search.js
FN:5,getInitialState
FN:5,updateSearchText
FN:5,randomUnusedFunctionToSeeMoreUncoveredLines
FN:5,render
FN:33,onChange
FN:40,(anonymous_7)
FN:41,(anonymous_8)
FN:44,(anonymous_9)
FN:48,(anonymous_10)
FNF:9
FNH:8
FNDA:3,getInitialState
FNDA:1,updateSearchText
FNDA:0,randomUnusedFunctionToSeeMoreUncoveredLines
FNDA:4,render
FNDA:1,onChange
FNDA:84,(anonymous_7)
FNDA:84,(anonymous_8)
FNDA:228,(anonymous_9)
FNDA:64,(anonymous_10)
DA:1,1
DA:2,1
DA:3,1
DA:5,1
DA:7,3
DA:13,1
DA:19,0
DA:21,4
DA:22,4
DA:34,1
DA:41,84
DA:42,64
DA:45,228
DA:46,153
DA:47,0
DA:48,64
DA:58,1
LF:17
LH:15
BRDA:37,1,0,3
BRDA:37,1,1,1
BRDA:41,2,0,64
BRDA:41,2,1,20
BRDA:45,3,0,75
BRDA:45,3,1,153
BRDA:46,4,0,153
BRDA:46,4,1,0
BRF:8
BRH:7
end_of_record
TN:
SF:/home/paracelsus/projects/react_projects/san-mateo/nettube/src/ShowCard.js
FN:3,ShowCard
FNF:1
FNH:1
FNDA:22,ShowCard
DA:1,1
DA:3,22
DA:14,1
LF:3
LH:3
BRF:0
BRH:0
end_of_record
